[debug] [2022-09-02T23:12:53.879Z] ----------------------------------------------------------------------
[debug] [2022-09-02T23:12:53.882Z] Command:       C:\Program Files\nodejs\node.exe C:\Users\FuckYou\AppData\Roaming\npm\node_modules\firebase-tools\lib\bin\firebase.js init
[debug] [2022-09-02T23:12:53.883Z] CLI Version:   11.8.0
[debug] [2022-09-02T23:12:53.883Z] Platform:      win32
[debug] [2022-09-02T23:12:53.884Z] Node Version:  v16.14.2
[debug] [2022-09-02T23:12:53.885Z] Time:          Fri Sep 02 2022 20:12:53 GMT-0300 (hora estándar de Argentina)
[debug] [2022-09-02T23:12:53.885Z] ----------------------------------------------------------------------
[debug] 
[debug] [2022-09-02T23:12:53.892Z] >>> [apiv2][query] GET https://firebase-public.firebaseio.com/cli.json [none]
[debug] [2022-09-02T23:12:53.975Z] > command requires scopes: ["email","openid","https://www.googleapis.com/auth/cloudplatformprojects.readonly","https://www.googleapis.com/auth/firebase","https://www.googleapis.com/auth/cloud-platform"]
[debug] [2022-09-02T23:12:53.976Z] > authorizing via signed-in user (gastonlaudin@gmail.com)
[info] 
     ######## #### ########  ######## ########     ###     ######  ########
     ##        ##  ##     ## ##       ##     ##  ##   ##  ##       ##
     ######    ##  ########  ######   ########  #########  ######  ######
     ##        ##  ##    ##  ##       ##     ## ##     ##       ## ##
     ##       #### ##     ## ######## ########  ##     ##  ######  ########

You're about to initialize a Firebase project in this directory:

  C:\Users\FuckYou\Escritorio\mercado_libre-clone-repository\server

[debug] [2022-09-02T23:12:54.682Z] <<< [apiv2][status] GET https://firebase-public.firebaseio.com/cli.json 200
[debug] [2022-09-02T23:12:54.682Z] <<< [apiv2][body] GET https://firebase-public.firebaseio.com/cli.json {"cloudBuildErrorAfter":1594252800000,"cloudBuildWarnAfter":1590019200000,"defaultNode10After":1594252800000,"minVersion":"3.0.5","node8DeploysDisabledAfter":1613390400000,"node8RuntimeDisabledAfter":1615809600000,"node8WarnAfter":1600128000000}
[info] 
=== Project Setup
[info] 
[info] First, let's associate this project directory with a Firebase project.
[info] You can create multiple project aliases by running firebase use --add, 
[info] but for now we'll just set up a default project.
[info] 
[debug] [2022-09-02T23:16:57.217Z] > refreshing access token with scopes: []
[debug] [2022-09-02T23:16:57.219Z] >>> [apiv2][query] POST https://www.googleapis.com/oauth2/v3/token [none]
[debug] [2022-09-02T23:16:57.220Z] >>> [apiv2][body] POST https://www.googleapis.com/oauth2/v3/token [omitted]
[debug] [2022-09-02T23:16:57.501Z] <<< [apiv2][status] POST https://www.googleapis.com/oauth2/v3/token 200
[debug] [2022-09-02T23:16:57.502Z] <<< [apiv2][body] POST https://www.googleapis.com/oauth2/v3/token [omitted]
[debug] [2022-09-02T23:16:57.581Z] >>> [apiv2][query] GET https://firebase.googleapis.com/v1beta1/projects pageSize=100
[debug] [2022-09-02T23:16:58.845Z] <<< [apiv2][status] GET https://firebase.googleapis.com/v1beta1/projects 200
[debug] [2022-09-02T23:16:58.845Z] <<< [apiv2][body] GET https://firebase.googleapis.com/v1beta1/projects [omitted]
[info] i  Using project mercado-libre-clon (mercado-libre) 
[info] 
=== Hosting Setup
[info] 
[info] Your public directory is the folder (relative to your project directory) that
[info] will contain Hosting assets to be uploaded with firebase deploy. If you
[info] have a build process for your assets, use your build's output directory.
[info] 
[info] +  Wrote public/404.html 
[debug] [2022-09-02T23:17:23.409Z] >>> [apiv2][query] GET https://www.gstatic.com/firebasejs/releases.json [none]
[debug] [2022-09-02T23:17:23.620Z] <<< [apiv2][status] GET https://www.gstatic.com/firebasejs/releases.json 200
[debug] [2022-09-02T23:17:23.620Z] <<< [apiv2][body] GET https://www.gstatic.com/firebasejs/releases.json {"current":{"version":"9.9.4","browserURL":"https://www.gstatic.com/firebasejs/9.9.4/firebase.js","packageURL":"https://www.gstatic.com/firebasejs/9.9.4/firebase.tgz"},"live":{"version":"9.9","browserURL":"https://www.gstatic.com/firebasejs/live/9.9/firebase.js","packageURL":"https://www.gstatic.com/firebasejs/live/9.9/firebase.tgz"},"components":{"analytics":"https://www.gstatic.com/firebasejs/9.9.4/firebase-analytics.js","app":"https://www.gstatic.com/firebasejs/9.9.4/firebase-app.js","app-check":"https://www.gstatic.com/firebasejs/9.9.4/firebase-app-check.js","auth":"https://www.gstatic.com/firebasejs/9.9.4/firebase-auth.js","auth/cordova":"https://www.gstatic.com/firebasejs/9.9.4/firebase-auth/cordova.js","auth/react-native":"https://www.gstatic.com/firebasejs/9.9.4/firebase-auth/react-native.js","functions":"https://www.gstatic.com/firebasejs/9.9.4/firebase-functions.js","firestore":"https://www.gstatic.com/firebasejs/9.9.4/firebase-firestore.js","firestore/lite":"https://www.gstatic.com/firebasejs/9.9.4/firebase-firestore/lite.js","installations":"https://www.gstatic.com/firebasejs/9.9.4/firebase-installations.js","storage":"https://www.gstatic.com/firebasejs/9.9.4/firebase-storage.js","performance":"https://www.gstatic.com/firebasejs/9.9.4/firebase-performance.js","remote-config":"https://www.gstatic.com/firebasejs/9.9.4/firebase-remote-config.js","messaging":"https://www.gstatic.com/firebasejs/9.9.4/firebase-messaging.js","messaging/sw":"https://www.gstatic.com/firebasejs/9.9.4/firebase-messaging/sw.js","database":"https://www.gstatic.com/firebasejs/9.9.4/firebase-database.js","firestore.memory":"https://www.gstatic.com/firebasejs/9.9.4/firebase-firestore.memory.js"}}
[info] i  Skipping write of public/index.html 
[info] 
[info] i  Detected a .git folder at C:\Users\FuckYou\Escritorio\mercado_libre-clone-repository 
[info] i  Authorizing with GitHub to upload your service account to a GitHub repository's secrets store. 
[info] 
[info] Visit this URL on this device to log in:
[info] https://github.com/login/oauth/authorize?client_id=89cf50f02ac6aaed3484&state=986373328&redirect_uri=http%3A%2F%2Flocalhost%3A9005&scope=read%3Auser%20repo%20public_repo
[info] 
[info] Waiting for authentication...
[debug] [2022-09-02T23:17:34.342Z] >>> [apiv2][query] POST https://github.com/login/oauth/access_token [none]
[debug] [2022-09-02T23:17:34.342Z] >>> [apiv2][body] POST https://github.com/login/oauth/access_token [stream]
[debug] [2022-09-02T23:17:35.014Z] <<< [apiv2][status] POST https://github.com/login/oauth/access_token 200
[debug] [2022-09-02T23:17:35.014Z] <<< [apiv2][body] POST https://github.com/login/oauth/access_token {"access_token":"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","token_type":"bearer","scope":"read:user,repo"}
[debug] [2022-09-02T23:17:35.049Z] >>> [apiv2][query] GET https://api.github.com/user [none]
[debug] [2022-09-02T23:17:35.611Z] <<< [apiv2][status] GET https://api.github.com/user 200
[debug] [2022-09-02T23:17:35.611Z] <<< [apiv2][body] GET https://api.github.com/user {"login":"Laudin","id":20429498,"node_id":"MDQ6VXNlcjIwNDI5NDk4","avatar_url":"https://avatars.githubusercontent.com/u/20429498?v=4","gravatar_id":"","url":"https://api.github.com/users/Laudin","html_url":"https://github.com/Laudin","followers_url":"https://api.github.com/users/Laudin/followers","following_url":"https://api.github.com/users/Laudin/following{/other_user}","gists_url":"https://api.github.com/users/Laudin/gists{/gist_id}","starred_url":"https://api.github.com/users/Laudin/starred{/owner}{/repo}","subscriptions_url":"https://api.github.com/users/Laudin/subscriptions","organizations_url":"https://api.github.com/users/Laudin/orgs","repos_url":"https://api.github.com/users/Laudin/repos","events_url":"https://api.github.com/users/Laudin/events{/privacy}","received_events_url":"https://api.github.com/users/Laudin/received_events","type":"User","site_admin":false,"name":"Gastón Laudin","company":null,"blog":"","location":"Argentina","email":"gastonlaudin@gmail.com","hireable":null,"bio":null,"twitter_username":"TonLaudin","public_repos":7,"public_gists":0,"followers":0,"following":0,"created_at":"2016-07-13T00:58:22Z","updated_at":"2022-07-26T21:48:04Z","private_gists":0,"total_private_repos":0,"owned_private_repos":0,"disk_usage":5997,"collaborators":0,"two_factor_authentication":false,"plan":{"name":"free","space":976562499,"collaborators":0,"private_repos":10000}}
[info] 
[info] +  Success! Logged into GitHub as Laudin 
[info] 
